gdk/glass-memo/build/outputs/logs/manifest-merger-debug-report.txt
-- Merging decision tree log ---
manifest
ADDED from src/main/AndroidManifest.xml:22:1-72:12
INJECTED from src/main/AndroidManifest.xml:22:1-72:12
INJECTED from src/main/AndroidManifest.xml:22:1-72:12
INJECTED from src/main/AndroidManifest.xml:22:1-72:12
INJECTED from src/main/AndroidManifest.xml:22:1-72:12
	package
		ADDED from src/main/AndroidManifest.xml:23:5-39
	android:versionName
		INJECTED from src/main/AndroidManifest.xml
		ADDED from src/main/AndroidManifest.xml:22:1-72:12
		INJECTED from src/main/AndroidManifest.xml
	android:versionCode
		INJECTED from src/main/AndroidManifest.xml
		ADDED from src/main/AndroidManifest.xml:22:1-72:12
		INJECTED from src/main/AndroidManifest.xml
	xmlns:android
		ADDED from src/main/AndroidManifest.xml:22:11-69
uses-permission#com.google.android.glass.permission.DEVELOPMENT
ADDED from src/main/AndroidManifest.xml:25:5-87
	android:name
		ADDED from src/main/AndroidManifest.xml:25:22-84
application
ADDED from src/main/AndroidManifest.xml:27:5-70:19
	android:label
		ADDED from src/main/AndroidManifest.xml:30:9-41
	android:icon
		ADDED from src/main/AndroidManifest.xml:29:9-45
	android:allowBackup
		ADDED from src/main/AndroidManifest.xml:28:9-35
service#com.openquartz.glassmemo.ViewMemoService
ADDED from src/main/AndroidManifest.xml:31:9-41:19
	android:label
		ADDED from src/main/AndroidManifest.xml:33:13-38
	android:name
		ADDED from src/main/AndroidManifest.xml:32:13-68
intent-filter#action:name:com.google.android.glass.action.VOICE_TRIGGER
ADDED from src/main/AndroidManifest.xml:34:13-36:29
action#com.google.android.glass.action.VOICE_TRIGGER
ADDED from src/main/AndroidManifest.xml:35:17-88
	android:name
		ADDED from src/main/AndroidManifest.xml:35:25-85
meta-data#com.google.android.glass.VoiceTrigger
ADDED from src/main/AndroidManifest.xml:38:13-40:62
	android:resource
		ADDED from src/main/AndroidManifest.xml:40:17-59
	android:name
		ADDED from src/main/AndroidManifest.xml:39:17-69
activity#com.openquartz.glassmemo.VoiceToSpeechActivity
ADDED from src/main/AndroidManifest.xml:43:9-53:20
	android:label
		ADDED from src/main/AndroidManifest.xml:45:13-40
	android:name
		ADDED from src/main/AndroidManifest.xml:44:13-74
activity#com.openquartz.glassmemo.MemoScrollActivity
ADDED from src/main/AndroidManifest.xml:54:9-57:20
	android:enabled
		ADDED from src/main/AndroidManifest.xml:56:13-35
	android:name
		ADDED from src/main/AndroidManifest.xml:55:13-71
activity#com.openquartz.glassmemo.ViewMemoMenuActivity
ADDED from src/main/AndroidManifest.xml:58:9-61:20
	android:theme
		ADDED from src/main/AndroidManifest.xml:60:13-45
	android:name
		ADDED from src/main/AndroidManifest.xml:59:13-73
activity#com.openquartz.glassmemo.ViewMemoMenuActivityNoMemos
ADDED from src/main/AndroidManifest.xml:62:9-65:20
	android:theme
		ADDED from src/main/AndroidManifest.xml:64:13-45
	android:name
		ADDED from src/main/AndroidManifest.xml:63:13-80
activity#com.openquartz.glassmemo.MemoScrollMenuActivity
ADDED from src/main/AndroidManifest.xml:66:9-69:20
	android:theme
		ADDED from src/main/AndroidManifest.xml:68:13-45
	android:name
		ADDED from src/main/AndroidManifest.xml:67:13-75
uses-sdk
INJECTED from src/main/AndroidManifest.xml reason: use-sdk injection requested
INJECTED from src/main/AndroidManifest.xml
INJECTED from src/main/AndroidManifest.xml
INJECTED from src/main/AndroidManifest.xml
INJECTED from src/main/AndroidManifest.xml
	android:targetSdkVersion
		INJECTED from src/main/AndroidManifest.xml
		ADDED from src/main/AndroidManifest.xml
		INJECTED from src/main/AndroidManifest.xml
	android:minSdkVersion
		INJECTED from src/main/AndroidManifest.xml
		ADDED from src/main/AndroidManifest.xml
		INJECTED from src/main/AndroidManifest.xml